# JRE version: Java(TM) SE Runtime Environment (17.0.5+9) (build 17.0.5+9-LTS-191)
# Java VM: Java HotSpot(TM) 64-Bit Server VM (17.0.5+9-LTS-191, mixed mode, emulated-client, sharing, tiered, compressed oops, compressed class ptrs, g1 gc, windows-amd64)
GC Precious Log:
 CPUs: 4 total, 4 available
 Memory: 3445M
 Large Page Support: Disabled
 NUMA Support: Disabled
 Compressed Oops: Enabled (32-bit)
 Heap Region Size: 1M
 Heap Min Capacity: 8M
 Heap Initial Capacity: 54M
 Heap Max Capacity: 862M
 Pre-touch: Disabled
 Parallel Workers: 4
 Concurrent Workers: 1
 Concurrent Refinement Workers: 4
 Periodic GC: Disabled
Heap:
 garbage-first heap   total 118784K, used 85714K [0x00000000ca200000, 0x0000000100000000)
  region size 1024K, 26 young (26624K), 5 survivors (5120K)
 Metaspace       used 80012K, committed 80576K, reserved 1122304K
  class space    used 11463K, committed 11712K, reserved 1048576K
GC Heap History (20 events):
Event: 31.709 GC heap before
{Heap before GC invocations=42 (full 0):
 garbage-first heap   total 118784K, used 86533K [0x00000000ca200000, 0x0000000100000000)
  region size 1024K, 53 young (54272K), 6 survivors (6144K)
 Metaspace       used 71607K, committed 72128K, reserved 1114112K
  class space    used 10309K, committed 10560K, reserved 1048576K
}
Event: 31.736 GC heap after
{Heap after GC invocations=43 (full 0):
 garbage-first heap   total 118784K, used 45433K [0x00000000ca200000, 0x0000000100000000)
  region size 1024K, 7 young (7168K), 7 survivors (7168K)
 Metaspace       used 71607K, committed 72128K, reserved 1114112K
  class space    used 10309K, committed 10560K, reserved 1048576K
}
Event: 32.291 GC heap before
{Heap before GC invocations=43 (full 0):
 garbage-first heap   total 118784K, used 88441K [0x00000000ca200000, 0x0000000100000000)
  region size 1024K, 49 young (50176K), 7 survivors (7168K)
 Metaspace       used 71681K, committed 72192K, reserved 1114112K
  class space    used 10326K, committed 10560K, reserved 1048576K
}
Event: 32.306 GC heap after
{Heap after GC invocations=44 (full 0):
 garbage-first heap   total 118784K, used 47611K [0x00000000ca200000, 0x0000000100000000)
  region size 1024K, 2 young (2048K), 2 survivors (2048K)
 Metaspace       used 71681K, committed 72192K, reserved 1114112K
  class space    used 10326K, committed 10560K, reserved 1048576K
}
Event: 34.979 GC heap before
{Heap before GC invocations=45 (full 0):
 garbage-first heap   total 118784K, used 91643K [0x00000000ca200000, 0x0000000100000000)
  region size 1024K, 45 young (46080K), 2 survivors (2048K)
 Metaspace       used 72484K, committed 73024K, reserved 1114112K
  class space    used 10438K, committed 10688K, reserved 1048576K
}
Event: 34.990 GC heap after
{Heap after GC invocations=46 (full 0):
 garbage-first heap   total 118784K, used 48426K [0x00000000ca200000, 0x0000000100000000)
  region size 1024K, 3 young (3072K), 3 survivors (3072K)
 Metaspace       used 72484K, committed 73024K, reserved 1114112K
  class space    used 10438K, committed 10688K, reserved 1048576K
}
Event: 40.133 GC heap before
{Heap before GC invocations=46 (full 0):
 garbage-first heap   total 118784K, used 93482K [0x00000000ca200000, 0x0000000100000000)
  region size 1024K, 47 young (48128K), 3 survivors (3072K)
 Metaspace       used 75355K, committed 75904K, reserved 1122304K
  class space    used 10815K, committed 11072K, reserved 1048576K
}
Event: 40.141 GC heap after
{Heap after GC invocations=47 (full 0):
 garbage-first heap   total 118784K, used 50334K [0x00000000ca200000, 0x0000000100000000)
  region size 1024K, 5 young (5120K), 5 survivors (5120K)
 Metaspace       used 75355K, committed 75904K, reserved 1122304K
  class space    used 10815K, committed 11072K, reserved 1048576K
}
Event: 42.334 GC heap before
{Heap before GC invocations=48 (full 0):
 garbage-first heap   total 118784K, used 93342K [0x00000000ca200000, 0x0000000100000000)
  region size 1024K, 48 young (49152K), 5 survivors (5120K)
 Metaspace       used 75656K, committed 76288K, reserved 1122304K
  class space    used 10847K, committed 11136K, reserved 1048576K
}
Event: 42.349 GC heap after
{Heap after GC invocations=49 (full 0):
 garbage-first heap   total 118784K, used 49915K [0x00000000ca200000, 0x0000000100000000)
  region size 1024K, 3 young (3072K), 3 survivors (3072K)
 Metaspace       used 75656K, committed 76288K, reserved 1122304K
  class space    used 10847K, committed 11136K, reserved 1048576K
}
Event: 42.382 GC heap before
{Heap before GC invocations=49 (full 0):
 garbage-first heap   total 118784K, used 50939K [0x00000000ca200000, 0x0000000100000000)
  region size 1024K, 5 young (5120K), 3 survivors (3072K)
 Metaspace       used 75656K, committed 76288K, reserved 1122304K
  class space    used 10847K, committed 11136K, reserved 1048576K
}
Event: 42.387 GC heap after
{Heap after GC invocations=50 (full 0):
 garbage-first heap   total 118784K, used 50011K [0x00000000ca200000, 0x0000000100000000)
  region size 1024K, 4 young (4096K), 4 survivors (4096K)
 Metaspace       used 75656K, committed 76288K, reserved 1122304K
  class space    used 10847K, committed 11136K, reserved 1048576K
}
Event: 43.027 GC heap before
{Heap before GC invocations=51 (full 0):
 garbage-first heap   total 118784K, used 90971K [0x00000000ca200000, 0x0000000100000000)
  region size 1024K, 45 young (46080K), 4 survivors (4096K)
 Metaspace       used 75656K, committed 76288K, reserved 1122304K
  class space    used 10847K, committed 11136K, reserved 1048576K
}
Event: 43.032 GC heap after
{Heap after GC invocations=52 (full 0):
 garbage-first heap   total 118784K, used 49025K [0x00000000ca200000, 0x0000000100000000)
  region size 1024K, 4 young (4096K), 4 survivors (4096K)
 Metaspace       used 75656K, committed 76288K, reserved 1122304K
  class space    used 10847K, committed 11136K, reserved 1048576K
}
Event: 43.036 GC heap before
{Heap before GC invocations=52 (full 0):
 garbage-first heap   total 118784K, used 50049K [0x00000000ca200000, 0x0000000100000000)
  region size 1024K, 5 young (5120K), 4 survivors (4096K)
 Metaspace       used 75656K, committed 76288K, reserved 1122304K
  class space    used 10847K, committed 11136K, reserved 1048576K
}
Event: 43.042 GC heap after
{Heap after GC invocations=53 (full 0):
 garbage-first heap   total 118784K, used 45342K [0x00000000ca200000, 0x0000000100000000)
  region size 1024K, 1 young (1024K), 1 survivors (1024K)
 Metaspace       used 75656K, committed 76288K, reserved 1122304K
  class space    used 10847K, committed 11136K, reserved 1048576K
}
Event: 44.386 GC heap before
{Heap before GC invocations=53 (full 0):
 garbage-first heap   total 118784K, used 93470K [0x00000000ca200000, 0x0000000100000000)
  region size 1024K, 48 young (49152K), 1 survivors (1024K)
 Metaspace       used 75665K, committed 76288K, reserved 1122304K
  class space    used 10849K, committed 11136K, reserved 1048576K
}
Event: 44.405 GC heap after
{Heap after GC invocations=54 (full 0):
 garbage-first heap   total 118784K, used 58588K [0x00000000ca200000, 0x0000000100000000)
  region size 1024K, 6 young (6144K), 6 survivors (6144K)
 Metaspace       used 75665K, committed 76288K, reserved 1122304K
  class space    used 10849K, committed 11136K, reserved 1048576K
}
Event: 46.643 GC heap before
{Heap before GC invocations=54 (full 0):
 garbage-first heap   total 118784K, used 90332K [0x00000000ca200000, 0x0000000100000000)
  region size 1024K, 38 young (38912K), 6 survivors (6144K)
 Metaspace       used 76330K, committed 76992K, reserved 1122304K
  class space    used 10937K, committed 11264K, reserved 1048576K
}
Event: 46.668 GC heap after
{Heap after GC invocations=55 (full 0):
 garbage-first heap   total 118784K, used 66258K [0x00000000ca200000, 0x0000000100000000)
  region size 1024K, 5 young (5120K), 5 survivors (5120K)
 Metaspace       used 76330K, committed 76992K, reserved 1122304K
  class space    used 10937K, committed 11264K, reserved 1048576K
}

